ISim log file
Running: K:\Lab03\Lab03_kjb5568_rjl5336\Lab03_kjb5568_rjl5336\Average_isim_beh.exe -intstyle ise -gui -tclbatch isim.cmd -wdb K:/Lab03/Lab03_kjb5568_rjl5336/Lab03_kjb5568_rjl5336/Average_isim_beh.wdb 
ISim P.20131013 (signature 0x7708f090)
WARNING: A WEBPACK license was found.
WARNING: Please use Xilinx License Configuration Manager to check out a full ISim license.
WARNING: ISim will run in Lite mode. Please refer to the ISim documentation for more information on the differences between the Lite and the Full version.
This is a Lite version of ISim.
Time resolution is 1 ps
# onerror resume
# wave add /
# run 1000 ns
Simulator is doing circuit initialization process.
at 0 ps, Instance /average/ : Warning: NUMERIC_STD.TO_INTEGER: metavalue detected, returning 0
at 0 ps, Instance /average/ : Warning: NUMERIC_STD.TO_INTEGER: metavalue detected, returning 0
at 0 ps, Instance /average/ : Warning: NUMERIC_STD.TO_INTEGER: metavalue detected, returning 0
at 0 ps, Instance /average/ : Warning: NUMERIC_STD.TO_INTEGER: metavalue detected, returning 0
at 0 ps, Instance /average/ : Warning: NUMERIC_STD.TO_SIGNED: vector truncated
at 0 ps, Instance /average/ : Warning: NUMERIC_STD.TO_SIGNED: vector truncated
Finished circuit initialization process.
at 0 ps, Instance /average/ : Warning: NUMERIC_STD.TO_SIGNED: vector truncated
# isim force add /average/switch 0111011101110110 -radix bin
# run 1.00us
at 1 us(2), Instance /average/ : Warning: NUMERIC_STD.TO_SIGNED: vector truncated
