ISim log file
Running: C:\Users\kalvi_000\Desktop\Lab10\lab10_kjb5568_rjl5336\lab10_kjb5568_rjl5336_isim_beh.exe -intstyle ise -gui -tclbatch isim.cmd -wdb C:/Users/kalvi_000/Desktop/Lab10/lab10_kjb5568_rjl5336/lab10_kjb5568_rjl5336_isim_beh.wdb 
INFO: There is another simulation running in the same directory. Using database file name isim1.wdb.
ISim P.20131013 (signature 0x7708f090)
WARNING: A WEBPACK license was found.
WARNING: Please use Xilinx License Configuration Manager to check out a full ISim license.
WARNING: ISim will run in Lite mode. Please refer to the ISim documentation for more information on the differences between the Lite and the Full version.
This is a Lite version of ISim.
Time resolution is 1 ps
# onerror resume
# wave add /
# run 1000 ns
Simulator is doing circuit initialization process.
at 0 ps, Instance /lab10_kjb5568_rjl5336/pulse_strobe/ : Warning: NUMERIC_STD.TO_INTEGER: metavalue detected, returning 0
at 0 ps, Instance /lab10_kjb5568_rjl5336/sevenseg/ : Warning: NUMERIC_STD.TO_INTEGER: metavalue detected, returning 0
Finished circuit initialization process.
# isim force add /lab10_kjb5568_rjl5336/a_reg 0000000000000000 -radix bin
# isim force add /lab10_kjb5568_rjl5336/b_reg 0000000000000000 -radix bin
# run 1.00us
# run 1.00us
# run 1.00us
# run 1.00us
# isim force add /lab10_kjb5568_rjl5336/switch 0000000000001001 -radix bin
# isim force add /lab10_kjb5568_rjl5336/switch 0000000000001001 -radix bin
# isim force add /lab10_kjb5568_rjl5336/switch 0000000000001001 -radix bin
# run 1.00us
# isim force add /lab10_kjb5568_rjl5336/button 11111 -radix bin
# run 1.00us
# run 1.00us
# isim force add /lab10_kjb5568_rjl5336/button 00100 -radix bin
# run 1.00us
# isim force add /lab10_kjb5568_rjl5336/clk 1 -radix bin -value 0 -radix bin -time 5 ns -repeat 10 ns
# run 1.00us
at 9 us(1), Instance /lab10_kjb5568_rjl5336/pulse_strobe/ : Warning: NUMERIC_STD.TO_INTEGER: metavalue detected, returning 0
# run 1.00us
# run 1.00us
# run 1.00us
# run 1.00us
# isim force add /lab10_kjb5568_rjl5336/button 11111 -radix bin
# run 1.00us
# run 1.00us
# run 1.00us
# run 1.00us
# run 1.00us
# isim force add /lab10_kjb5568_rjl5336/button 00101 -radix bin
# isim force add /lab10_kjb5568_rjl5336/button 00101 -radix bin
# run 1.00us
# run 1.00us
# run 1.00us
# run 1.00us
# run 1.00us
# run 1.00us
# run 1.00us
# run 1.00us
# run 1.00us
# run 1.00us
# run 1.00us
# run 1.00us
# run 1.00us
# run 1.00us
# run 1.00us
# run 1.00us
# run 1.00us
# run 1.00us
# isim force add /lab10_kjb5568_rjl5336/a_reg 0000000000001001 -radix bin
# run 1.00us
# isim force add /lab10_kjb5568_rjl5336/b_reg 0000000000001001 -radix bin
# run 1.00us
# run 1.00us
# run 1.00us
# run 1.00us
# run 1.00us
# run 1.00us
# run 1.00us
# run 1.00us
# run 1.00us
# run 1.00us
# run 1.00us
# run 1.00us
# run 1.00us
# run 1.00us
# run 1.00us
# run 1.00us
# run 1.00us
# run 1.00us
# run 1.00us
# run 1.00us
# run 1.00us
# run 1.00us
# run 1.00us
# run 1.00us
# run 1.00us
# run 1.00us
# isim force add /lab10_kjb5568_rjl5336/button 01000 -radix bin
# run 1.00us
# run 1.00us
# run 1.00us
# run 1.00us
# run 1.00us
# run 1.00us
# run 1.00us
# run 1.00us
# run 1.00us
# run 1.00us
# run 1.00us
# run 1.00us
# run 1.00us
# run 1.00us
# run 1.00us
# run 1.00us
# run 1.00us
# run 1.00us
# run 1.00us
# run 1.00us
# run 1.00us
# run 1.00us
# run 1.00us
# run 1.00us
# run 1.00us
# run 1.00us
# run 1.00us
# run 1.00us
# run 1.00us
# run 1.00us
# run 1.00us
# isim force add /lab10_kjb5568_rjl5336/button 10000 -radix bin
# run 1.00us
# run 1.00us
# run 1.00us
# run 1.00us
# run 1.00us
# run 1.00us
# run 1.00us
# run 1.00us
# run 1.00us
# run 1.00us
# run 1.00us
# run 1.00us
# run 1.00us
# run 1.00us
# run 1.00us
# run 1.00us
# run 1.00us
# run 1.00us
# run 1.00us
# run 1.00us
# run 1.00us
# run 1.00us
# run 10ns
# run 10ns
# run 10ns
# run 10ns
# run 10ns
# run 10ns
# run 10ns
# run 10ns
# run 10ns
# run 10ns
# run 10ns
# run 10ns
# run 10ns
# run 10ns
# run 10ns
# run 10ns
# run 10ns
# run 10ns
# run 10ns
# run 10ns
# run 10ns
# run 10ns
# run 10ns
# run 10ns
# run 10ns
# run 10ns
# run 10ns
# run 10ns
# run 10ns
# run 10ns
# run 10ns
# run 10ns
# run 10ns
# run 10ns
# run 10ns
# run 10ns
# run 10ns
# run 10ns
# run 10ns
# run 10ns
# run 10ns
# run 10ns
# run 10ns
