Command line:
   FullAdder_tb_isim_beh.exe
     -simmode  gui
     -simrunnum  0
     -socket  50077

Mon Aug 31 09:37:11 2015


 Elaboration Time: 0.0625 sec

 Current Memory Usage: 837.526 Meg

 Total Signals          : 13
 Total Nets             : 8
 Total Signal Drivers   : 8
 Total Blocks           : 3
 Total Primitive Blocks : 2
 Total Processes        : 6
 Total Traceable Variables  : 8
 Total Scalar Nets and Variables : 368
Total Line Count : 31

 Total Simulation Time: 0.078125 sec

 Current Memory Usage: 1152.11 Meg

Mon Aug 31 09:37:47 2015

