Release 14.7 - xst P.20131013 (nt64)
Copyright (c) 1995-2013 Xilinx, Inc.  All rights reserved.
--> Parameter TMPDIR set to xst/projnav.tmp


Total REAL time to Xst completion: 0.00 secs
Total CPU time to Xst completion: 0.09 secs
 
--> Parameter xsthdpdir set to xst


Total REAL time to Xst completion: 0.00 secs
Total CPU time to Xst completion: 0.09 secs
 
--> Reading design: AdderSubtractor_4bit.prj

TABLE OF CONTENTS
  1) Synthesis Options Summary
  2) HDL Parsing
  3) HDL Elaboration
  4) HDL Synthesis
       4.1) HDL Synthesis Report
  5) Advanced HDL Synthesis
       5.1) Advanced HDL Synthesis Report
  6) Low Level Synthesis
  7) Partition Report
  8) Design Summary
       8.1) Primitive and Black Box Usage
       8.2) Device utilization summary
       8.3) Partition Resource Summary
       8.4) Timing Report
            8.4.1) Clock Information
            8.4.2) Asynchronous Control Signals Information
            8.4.3) Timing Summary
            8.4.4) Timing Details
            8.4.5) Cross Clock Domains Report


=========================================================================
*                      Synthesis Options Summary                        *
=========================================================================
---- Source Parameters
Input File Name                    : "AdderSubtractor_4bit.prj"
Ignore Synthesis Constraint File   : NO

---- Target Parameters
Output File Name                   : "AdderSubtractor_4bit"
Output Format                      : NGC
Target Device                      : xc7a100t-1-csg324

---- Source Options
Top Module Name                    : AdderSubtractor_4bit
Automatic FSM Extraction           : YES
FSM Encoding Algorithm             : Auto
Safe Implementation                : No
FSM Style                          : LUT
RAM Extraction                     : Yes
RAM Style                          : Auto
ROM Extraction                     : Yes
Shift Register Extraction          : YES
ROM Style                          : Auto
Resource Sharing                   : YES
Asynchronous To Synchronous        : NO
Shift Register Minimum Size        : 2
Use DSP Block                      : Auto
Automatic Register Balancing       : No

---- Target Options
LUT Combining                      : Auto
Reduce Control Sets                : Auto
Add IO Buffers                     : YES
Global Maximum Fanout              : 100000
Add Generic Clock Buffer(BUFG)     : 32
Register Duplication               : YES
Optimize Instantiated Primitives   : NO
Use Clock Enable                   : Auto
Use Synchronous Set                : Auto
Use Synchronous Reset              : Auto
Pack IO Registers into IOBs        : Auto
Equivalent register Removal        : YES

---- General Options
Optimization Goal                  : Speed
Optimization Effort                : 1
Power Reduction                    : NO
Keep Hierarchy                     : No
Netlist Hierarchy                  : As_Optimized
RTL Output                         : Yes
Global Optimization                : AllClockNets
Read Cores                         : YES
Write Timing Constraints           : NO
Cross Clock Analysis               : NO
Hierarchy Separator                : /
Bus Delimiter                      : <>
Case Specifier                     : Maintain
Slice Utilization Ratio            : 100
BRAM Utilization Ratio             : 100
DSP48 Utilization Ratio            : 100
Auto BRAM Packing                  : NO
Slice Utilization Ratio Delta      : 5

=========================================================================


=========================================================================
*                          HDL Parsing                                  *
=========================================================================
Parsing VHDL file "C:\Users\kalvi_000\Desktop\Lab01\lab01_kjb5568_rjl5336\FullAdder.vhd" into library work
Parsing entity <FullAdder>.
Parsing architecture <Dataflow> of entity <fulladder>.
Parsing VHDL file "C:\Users\kalvi_000\Desktop\Lab01\ripple_carry_adder_4_bit\rippe_carry_adder.vhd" into library work
Parsing entity <Ripple_Carry_Adder>.
Parsing architecture <Structural> of entity <ripple_carry_adder>.
Parsing VHDL file "C:\Users\kalvi_000\Desktop\Lab01\CMPEN371 LAB 1\AdderSubtractor_4bit.vhd" into library work
Parsing entity <AdderSubtractor_4bit>.
Parsing architecture <Structural> of entity <addersubtractor_4bit>.

=========================================================================
*                            HDL Elaboration                            *
=========================================================================

Elaborating entity <AdderSubtractor_4bit> (architecture <Structural>) from library <work>.

Elaborating entity <Ripple_Carry_Adder> (architecture <Structural>) from library <work>.

Elaborating entity <FullAdder> (architecture <Dataflow>) from library <work>.
WARNING:HDLCompiler:634 - "C:\Users\kalvi_000\Desktop\Lab01\CMPEN371 LAB 1\AdderSubtractor_4bit.vhd" Line 41: Net <SUM_MSB> does not have a driver.

=========================================================================
*                           HDL Synthesis                               *
=========================================================================

Synthesizing Unit <AdderSubtractor_4bit>.
    Related source file is "C:\Users\kalvi_000\Desktop\Lab01\CMPEN371 LAB 1\AdderSubtractor_4bit.vhd".
INFO:Xst:3210 - "C:\Users\kalvi_000\Desktop\Lab01\CMPEN371 LAB 1\AdderSubtractor_4bit.vhd" line 48: Output port <C_out> of the instance <RCA> is unconnected or connected to loadless signal.
WARNING:Xst:653 - Signal <SUM_MSB> is used but never assigned. This sourceless signal will be automatically connected to value GND.
    Summary:
Unit <AdderSubtractor_4bit> synthesized.

Synthesizing Unit <Ripple_Carry_Adder>.
    Related source file is "C:\Users\kalvi_000\Desktop\Lab01\ripple_carry_adder_4_bit\rippe_carry_adder.vhd".
    Summary:
	no macro.
Unit <Ripple_Carry_Adder> synthesized.

Synthesizing Unit <FullAdder>.
    Related source file is "C:\Users\kalvi_000\Desktop\Lab01\lab01_kjb5568_rjl5336\FullAdder.vhd".
    Summary:
Unit <FullAdder> synthesized.

=========================================================================
HDL Synthesis Report

Macro Statistics
# Xors                                                 : 12
 1-bit xor2                                            : 12

=========================================================================

=========================================================================
*                       Advanced HDL Synthesis                          *
=========================================================================


=========================================================================
Advanced HDL Synthesis Report

Macro Statistics
# Xors                                                 : 12
 1-bit xor2                                            : 12

=========================================================================

=========================================================================
*                         Low Level Synthesis                           *
=========================================================================

Optimizing unit <AdderSubtractor_4bit> ...

Mapping all equations...
Building and optimizing final netlist ...
Found area constraint ratio of 100 (+ 5) on block AdderSubtractor_4bit, actual ratio is 0.

Final Macro Processing ...

=========================================================================
Final Register Report

Found no macro
=========================================================================

=========================================================================
*                           Partition Report                            *
=========================================================================

Partition Implementation Status
-------------------------------

  No Partitions were found in this design.

-------------------------------

=========================================================================
*                            Design Summary                             *
=========================================================================

Top Level Output File Name         : AdderSubtractor_4bit.ngc

Primitive and Black Box Usage:
------------------------------
# BELS                             : 6
#      LUT2                        : 1
#      LUT3                        : 1
#      LUT4                        : 1
#      LUT5                        : 2
#      LUT6                        : 1
# IO Buffers                       : 14
#      IBUF                        : 9
#      OBUF                        : 5

Device utilization summary:
---------------------------

Selected Device : 7a100tcsg324-1 


Slice Logic Utilization: 
 Number of Slice LUTs:                    6  out of  63400     0%  
    Number used as Logic:                 6  out of  63400     0%  

Slice Logic Distribution: 
 Number of LUT Flip Flop pairs used:      6
   Number with an unused Flip Flop:       6  out of      6   100%  
   Number with an unused LUT:             0  out of      6     0%  
   Number of fully used LUT-FF pairs:     0  out of      6     0%  
   Number of unique control sets:         0

IO Utilization: 
 Number of IOs:                          14
 Number of bonded IOBs:                  14  out of    210     6%  

Specific Feature Utilization:

---------------------------
Partition Resource Summary:
---------------------------

  No Partitions were found in this design.

---------------------------


=========================================================================
Timing Report

NOTE: THESE TIMING NUMBERS ARE ONLY A SYNTHESIS ESTIMATE.
      FOR ACCURATE TIMING INFORMATION PLEASE REFER TO THE TRACE REPORT
      GENERATED AFTER PLACE-and-ROUTE.

Clock Information:
------------------
No clock signals found in this design

Asynchronous Control Signals Information:
----------------------------------------
No asynchronous control signals found in this design

Timing Summary:
---------------
Speed Grade: -1

   Minimum period: No path found
   Minimum input arrival time before clock: No path found
   Maximum output required time after clock: No path found
   Maximum combinational path delay: 2.376ns

Timing Details:
---------------
All values displayed in nanoseconds (ns)

=========================================================================
Timing constraint: Default path analysis
  Total number of paths / destination ports: 28 / 5
-------------------------------------------------------------------------
Delay:               2.376ns (Levels of Logic = 4)
  Source:            SUBTRACT (PAD)
  Destination:       SUM<3> (PAD)

  Data Path: SUBTRACT to SUM<3>
                                Gate     Net
    Cell:in->out      fanout   Delay   Delay  Logical Name (Net Name)
    ----------------------------------------  ------------
     IBUF:I->O             5   0.001   0.946  SUBTRACT_IBUF (SUBTRACT_IBUF)
     LUT5:I0->O            2   0.124   0.782  RCA/FA1/C_out1 (RCA/c12)
     LUT6:I2->O            1   0.124   0.399  RCA/FA3/Mxor_Sum_xo<0>1 (SUM_3_OBUF)
     OBUF:I->O                 0.000          SUM_3_OBUF (SUM<3>)
    ----------------------------------------
    Total                      2.376ns (0.249ns logic, 2.127ns route)
                                       (10.5% logic, 89.5% route)

=========================================================================

Cross Clock Domains Report:
--------------------------

=========================================================================


Total REAL time to Xst completion: 10.00 secs
Total CPU time to Xst completion: 9.92 secs
 
--> 

Total memory usage is 404836 kilobytes

Number of errors   :    0 (   0 filtered)
Number of warnings :    2 (   0 filtered)
Number of infos    :    1 (   0 filtered)

