--------------------------------------------------------------------------------
Release 14.7 Trace  (nt64)
Copyright (c) 1995-2013 Xilinx, Inc.  All rights reserved.

C:\Xilinx\14.7\ISE_DS\ISE\bin\nt64\unwrapped\trce.exe -intstyle ise -v 3 -s 1
-n 3 -fastpaths -xml AdderSubtractor_4bit.twx AdderSubtractor_4bit.ncd -o
AdderSubtractor_4bit.twr AdderSubtractor_4bit.pcf

Design file:              AdderSubtractor_4bit.ncd
Physical constraint file: AdderSubtractor_4bit.pcf
Device,package,speed:     xc7a100t,csg324,C,-1 (PRODUCTION 1.10 2013-10-13)
Report level:             verbose report

Environment Variable      Effect 
--------------------      ------ 
NONE                      No environment variables were set
--------------------------------------------------------------------------------

INFO:Timing:2698 - No timing constraints found, doing default enumeration.
INFO:Timing:3412 - To improve timing, see the Timing Closure User Guide (UG612).
INFO:Timing:2752 - To get complete path coverage, use the unconstrained paths 
   option. All paths that are not constrained will be reported in the 
   unconstrained paths section(s) of the report.
INFO:Timing:3339 - The clock-to-out numbers in this timing report are based on 
   a 50 Ohm transmission line loading model.  For the details of this model, 
   and for more information on accounting for different loading conditions, 
   please see the device datasheet.



Data Sheet report:
-----------------
All values displayed in nanoseconds (ns)

Pad to Pad
---------------+---------------+---------+
Source Pad     |Destination Pad|  Delay  |
---------------+---------------+---------+
A<0>           |SUM<0>         |    6.907|
A<0>           |SUM<1>         |    6.911|
A<0>           |SUM<2>         |    7.593|
A<0>           |SUM<3>         |    7.116|
A<1>           |SUM<1>         |    7.063|
A<1>           |SUM<2>         |    7.744|
A<1>           |SUM<3>         |    7.267|
A<2>           |SUM<2>         |    6.896|
A<2>           |SUM<3>         |    6.752|
A<3>           |OVERFLOW       |    6.732|
A<3>           |SUM<3>         |    7.055|
B<0>           |SUM<0>         |    6.851|
B<0>           |SUM<1>         |    6.855|
B<0>           |SUM<2>         |    7.537|
B<0>           |SUM<3>         |    7.060|
B<1>           |SUM<1>         |    6.669|
B<1>           |SUM<2>         |    7.383|
B<1>           |SUM<3>         |    6.906|
B<2>           |SUM<2>         |    6.485|
B<2>           |SUM<3>         |    6.905|
B<3>           |OVERFLOW       |    7.153|
B<3>           |SUM<3>         |    6.649|
SUBTRACT       |OVERFLOW       |    7.207|
SUBTRACT       |SUM<1>         |    7.317|
SUBTRACT       |SUM<2>         |    7.999|
SUBTRACT       |SUM<3>         |    7.522|
---------------+---------------+---------+


Analysis completed Mon Aug 31 20:43:21 2015 
--------------------------------------------------------------------------------

Trace Settings:
-------------------------
Trace Settings 

Peak Memory Usage: 668 MB



