Release 14.7 - xst P.20131013 (nt64)
Copyright (c) 1995-2013 Xilinx, Inc.  All rights reserved.
--> Parameter TMPDIR set to xst/projnav.tmp


Total REAL time to Xst completion: 1.00 secs
Total CPU time to Xst completion: 0.09 secs
 
--> Parameter xsthdpdir set to xst


Total REAL time to Xst completion: 1.00 secs
Total CPU time to Xst completion: 0.09 secs
 
--> Reading design: lab09_kjb5568_rjl5336.prj

TABLE OF CONTENTS
  1) Synthesis Options Summary
  2) HDL Parsing
  3) HDL Elaboration
  4) HDL Synthesis
       4.1) HDL Synthesis Report
  5) Advanced HDL Synthesis
       5.1) Advanced HDL Synthesis Report
  6) Low Level Synthesis
  7) Partition Report
  8) Design Summary
       8.1) Primitive and Black Box Usage
       8.2) Device utilization summary
       8.3) Partition Resource Summary
       8.4) Timing Report
            8.4.1) Clock Information
            8.4.2) Asynchronous Control Signals Information
            8.4.3) Timing Summary
            8.4.4) Timing Details
            8.4.5) Cross Clock Domains Report


=========================================================================
*                      Synthesis Options Summary                        *
=========================================================================
---- Source Parameters
Input File Name                    : "lab09_kjb5568_rjl5336.prj"
Ignore Synthesis Constraint File   : NO

---- Target Parameters
Output File Name                   : "lab09_kjb5568_rjl5336"
Output Format                      : NGC
Target Device                      : xc7a100t-1-csg324

---- Source Options
Top Module Name                    : lab09_kjb5568_rjl5336
Automatic FSM Extraction           : YES
FSM Encoding Algorithm             : Auto
Safe Implementation                : No
FSM Style                          : LUT
RAM Extraction                     : Yes
RAM Style                          : Auto
ROM Extraction                     : Yes
Shift Register Extraction          : YES
ROM Style                          : Auto
Resource Sharing                   : YES
Asynchronous To Synchronous        : NO
Shift Register Minimum Size        : 2
Use DSP Block                      : Auto
Automatic Register Balancing       : No

---- Target Options
LUT Combining                      : Auto
Reduce Control Sets                : Auto
Add IO Buffers                     : YES
Global Maximum Fanout              : 100000
Add Generic Clock Buffer(BUFG)     : 32
Register Duplication               : YES
Optimize Instantiated Primitives   : NO
Use Clock Enable                   : Auto
Use Synchronous Set                : Auto
Use Synchronous Reset              : Auto
Pack IO Registers into IOBs        : Auto
Equivalent register Removal        : YES

---- General Options
Optimization Goal                  : Speed
Optimization Effort                : 1
Power Reduction                    : NO
Keep Hierarchy                     : No
Netlist Hierarchy                  : As_Optimized
RTL Output                         : Yes
Global Optimization                : AllClockNets
Read Cores                         : YES
Write Timing Constraints           : NO
Cross Clock Analysis               : NO
Hierarchy Separator                : /
Bus Delimiter                      : <>
Case Specifier                     : Maintain
Slice Utilization Ratio            : 100
BRAM Utilization Ratio             : 100
DSP48 Utilization Ratio            : 100
Auto BRAM Packing                  : NO
Slice Utilization Ratio Delta      : 5

=========================================================================


=========================================================================
*                          HDL Parsing                                  *
=========================================================================
Parsing VHDL file "C:\Users\kalvi_000\Desktop\Lab08\kjb5568_rjl5336_library\LST.vhd" into library kjb5568_rjl5336_library
Parsing entity <LST>.
Parsing architecture <structural> of entity <lst>.
Parsing VHDL file "C:\Users\kalvi_000\Desktop\Lab08\kjb5568_rjl5336_library\kjb5568_rjl5336_components.vhd" into library kjb5568_rjl5336_library
Parsing package <kjb5568_rjl5336_Components>.
Parsing package body <kjb5568_rjl5336_Components>.
Parsing VHDL file "C:\Users\kalvi_000\Desktop\Lab08\kjb5568_rjl5336_library\hextosevenseg.vhd" into library kjb5568_rjl5336_library
Parsing entity <hextosevenseg>.
Parsing architecture <structural> of entity <hextosevenseg>.
Parsing VHDL file "C:\Users\kalvi_000\Desktop\Lab08\kjb5568_rjl5336_library\DFF.vhd" into library kjb5568_rjl5336_library
Parsing entity <DFF>.
Parsing architecture <Behavioral> of entity <dff>.
Parsing VHDL file "C:\Users\kalvi_000\Desktop\Lab08\kjb5568_rjl5336_library\Counter_nbit.vhd" into library kjb5568_rjl5336_library
Parsing entity <Counter_nbit>.
Parsing architecture <Behavioral> of entity <counter_nbit>.
Parsing VHDL file "C:\Users\kalvi_000\Desktop\Lab08\kjb5568_rjl5336_library\CompareEQU.vhd" into library kjb5568_rjl5336_library
Parsing entity <CompareEQU>.
Parsing architecture <structural> of entity <compareequ>.
Parsing VHDL file "C:\Users\kalvi_000\Desktop\Lab09\kjb5568_rjl5336_library\PWM.vhd" into library work
Parsing entity <PWM>.
Parsing architecture <Behavioral> of entity <pwm>.
Parsing VHDL file "C:\Users\kalvi_000\Desktop\Lab08\kjb5568_rjl5336_library\pulse_gen.vhd" into library kjb5568_rjl5336_library
Parsing entity <pulse_gen>.
Parsing architecture <Behavioral> of entity <pulse_gen>.
Parsing VHDL file "C:\Users\kalvi_000\Desktop\Lab08\kjb5568_rjl5336_library\numeric_display.vhd" into library kjb5568_rjl5336_library
Parsing entity <WordTo8dig7seg>.
Parsing architecture <Behavioral> of entity <wordto8dig7seg>.
Parsing VHDL file "C:\Users\kalvi_000\Desktop\Lab09\lab09_kjb5568_rjl5336\lab09_kjb5568_rjl5336.vhd" into library work
Parsing entity <lab09_kjb5568_rjl5336>.
Parsing architecture <Behavioral> of entity <lab09_kjb5568_rjl5336>.
WARNING:HDLCompiler:946 - "C:\Users\kalvi_000\Desktop\Lab09\lab09_kjb5568_rjl5336\lab09_kjb5568_rjl5336.vhd" Line 63: Actual for formal port pw is neither a static name nor a globally static expression
WARNING:HDLCompiler:946 - "C:\Users\kalvi_000\Desktop\Lab09\lab09_kjb5568_rjl5336\lab09_kjb5568_rjl5336.vhd" Line 69: Actual for formal port pw is neither a static name nor a globally static expression
WARNING:HDLCompiler:946 - "C:\Users\kalvi_000\Desktop\Lab09\lab09_kjb5568_rjl5336\lab09_kjb5568_rjl5336.vhd" Line 75: Actual for formal port pw is neither a static name nor a globally static expression
WARNING:HDLCompiler:946 - "C:\Users\kalvi_000\Desktop\Lab09\lab09_kjb5568_rjl5336\lab09_kjb5568_rjl5336.vhd" Line 80: Actual for formal port pw is neither a static name nor a globally static expression
WARNING:HDLCompiler:946 - "C:\Users\kalvi_000\Desktop\Lab09\lab09_kjb5568_rjl5336\lab09_kjb5568_rjl5336.vhd" Line 86: Actual for formal port pw is neither a static name nor a globally static expression
WARNING:HDLCompiler:946 - "C:\Users\kalvi_000\Desktop\Lab09\lab09_kjb5568_rjl5336\lab09_kjb5568_rjl5336.vhd" Line 92: Actual for formal port pw is neither a static name nor a globally static expression
WARNING:HDLCompiler:946 - "C:\Users\kalvi_000\Desktop\Lab09\lab09_kjb5568_rjl5336\lab09_kjb5568_rjl5336.vhd" Line 119: Actual for formal port word is neither a static name nor a globally static expression

=========================================================================
*                            HDL Elaboration                            *
=========================================================================

Elaborating entity <lab09_kjb5568_rjl5336> (architecture <Behavioral>) from library <work>.

Elaborating entity <PWM> (architecture <Behavioral>) from library <work>.

Elaborating entity <Counter_nbit> (architecture <Behavioral>) with generics from library <kjb5568_rjl5336_library>.

Elaborating entity <CompareEQU> (architecture <structural>) with generics from library <kjb5568_rjl5336_library>.

Elaborating entity <LST> (architecture <structural>) with generics from library <kjb5568_rjl5336_library>.

Elaborating entity <DFF> (architecture <Behavioral>) from library <kjb5568_rjl5336_library>.

Elaborating entity <pulse_gen> (architecture <Behavioral>) with generics from library <kjb5568_rjl5336_library>.

Elaborating entity <pulse_gen> (architecture <Behavioral>) with generics from library <kjb5568_rjl5336_library>.

Elaborating entity <WordTo8dig7seg> (architecture <Behavioral>) from library <kjb5568_rjl5336_library>.

Elaborating entity <Counter_nbit> (architecture <Behavioral>) with generics from library <kjb5568_rjl5336_library>.

Elaborating entity <hextosevenseg> (architecture <structural>) from library <kjb5568_rjl5336_library>.

Elaborating entity <Counter_nbit> (architecture <Behavioral>) with generics from library <kjb5568_rjl5336_library>.

=========================================================================
*                           HDL Synthesis                               *
=========================================================================

Synthesizing Unit <lab09_kjb5568_rjl5336>.
    Related source file is "C:\Users\kalvi_000\Desktop\Lab09\lab09_kjb5568_rjl5336\lab09_kjb5568_rjl5336.vhd".
    Summary:
	inferred   3 Multiplexer(s).
Unit <lab09_kjb5568_rjl5336> synthesized.

Synthesizing Unit <PWM>.
    Related source file is "C:\Users\kalvi_000\Desktop\Lab09\kjb5568_rjl5336_library\PWM.vhd".
    Summary:
	no macro.
Unit <PWM> synthesized.

Synthesizing Unit <Counter_nbit_1>.
    Related source file is "C:\Users\kalvi_000\Desktop\Lab08\kjb5568_rjl5336_library\Counter_nbit.vhd".
        n = 14
    Found 14-bit register for signal <count>.
    Found 14-bit adder for signal <count[13]_count[13]_mux_1_OUT> created at line 1241.
    Summary:
	inferred   1 Adder/Subtractor(s).
	inferred  14 D-type flip-flop(s).
Unit <Counter_nbit_1> synthesized.

Synthesizing Unit <CompareEQU>.
    Related source file is "C:\Users\kalvi_000\Desktop\Lab08\kjb5568_rjl5336_library\CompareEQU.vhd".
        n = 14
    Found 14-bit comparator equal for signal <EQU> created at line 27
    Summary:
	inferred   1 Comparator(s).
Unit <CompareEQU> synthesized.

Synthesizing Unit <LST>.
    Related source file is "C:\Users\kalvi_000\Desktop\Lab08\kjb5568_rjl5336_library\LST.vhd".
        n = 14
    Found 14-bit comparator greater for signal <OUTPUT> created at line 27
    Summary:
	inferred   1 Comparator(s).
Unit <LST> synthesized.

Synthesizing Unit <DFF>.
    Related source file is "C:\Users\kalvi_000\Desktop\Lab08\kjb5568_rjl5336_library\DFF.vhd".
    Found 1-bit register for signal <Q>.
    Summary:
	inferred   1 D-type flip-flop(s).
Unit <DFF> synthesized.

Synthesizing Unit <pulse_gen_1>.
    Related source file is "C:\Users\kalvi_000\Desktop\Lab08\kjb5568_rjl5336_library\pulse_gen.vhd".
        n = 16
        maxCount = 50000
    Found 16-bit register for signal <count>.
    Found 16-bit adder for signal <count[15]_count[15]_mux_1_OUT> created at line 1241.
    Summary:
	inferred   1 Adder/Subtractor(s).
	inferred  16 D-type flip-flop(s).
Unit <pulse_gen_1> synthesized.

Synthesizing Unit <pulse_gen_2>.
    Related source file is "C:\Users\kalvi_000\Desktop\Lab08\kjb5568_rjl5336_library\pulse_gen.vhd".
        n = 23
        maxCount = 6250000
    Found 23-bit register for signal <count>.
    Found 23-bit adder for signal <count[22]_count[22]_mux_1_OUT> created at line 1241.
    Summary:
	inferred   1 Adder/Subtractor(s).
	inferred  23 D-type flip-flop(s).
Unit <pulse_gen_2> synthesized.

Synthesizing Unit <WordTo8dig7seg>.
    Related source file is "C:\Users\kalvi_000\Desktop\Lab08\kjb5568_rjl5336_library\numeric_display.vhd".
    Found 8x8-bit Read Only RAM for signal <anode>
    Found 4-bit 8-to-1 multiplexer for signal <w2h> created at line 39.
    Summary:
	inferred   1 RAM(s).
	inferred   1 Multiplexer(s).
Unit <WordTo8dig7seg> synthesized.

Synthesizing Unit <Counter_nbit_2>.
    Related source file is "C:\Users\kalvi_000\Desktop\Lab08\kjb5568_rjl5336_library\Counter_nbit.vhd".
        n = 3
    Found 3-bit register for signal <count>.
    Found 3-bit adder for signal <count[2]_GND_111_o_add_0_OUT> created at line 1241.
    Summary:
	inferred   1 Adder/Subtractor(s).
	inferred   3 D-type flip-flop(s).
Unit <Counter_nbit_2> synthesized.

Synthesizing Unit <hextosevenseg>.
    Related source file is "C:\Users\kalvi_000\Desktop\Lab08\kjb5568_rjl5336_library\hextosevenseg.vhd".
    Found 16x7-bit Read Only RAM for signal <Segment>
    Summary:
	inferred   1 RAM(s).
Unit <hextosevenseg> synthesized.

Synthesizing Unit <Counter_nbit_3>.
    Related source file is "C:\Users\kalvi_000\Desktop\Lab08\kjb5568_rjl5336_library\Counter_nbit.vhd".
        n = 4
    Found 4-bit register for signal <count>.
    Found 4-bit adder for signal <count[3]_GND_129_o_add_0_OUT> created at line 1241.
    Summary:
	inferred   1 Adder/Subtractor(s).
	inferred   4 D-type flip-flop(s).
Unit <Counter_nbit_3> synthesized.

=========================================================================
HDL Synthesis Report

Macro Statistics
# RAMs                                                 : 2
 16x7-bit single-port Read Only RAM                    : 1
 8x8-bit single-port Read Only RAM                     : 1
# Adders/Subtractors                                   : 10
 14-bit adder                                          : 6
 16-bit adder                                          : 1
 23-bit adder                                          : 1
 3-bit adder                                           : 1
 4-bit adder                                           : 1
# Registers                                            : 16
 1-bit register                                        : 6
 14-bit register                                       : 6
 16-bit register                                       : 1
 23-bit register                                       : 1
 3-bit register                                        : 1
 4-bit register                                        : 1
# Comparators                                          : 12
 14-bit comparator equal                               : 6
 14-bit comparator greater                             : 6
# Multiplexers                                         : 4
 4-bit 2-to-1 multiplexer                              : 3
 4-bit 8-to-1 multiplexer                              : 1

=========================================================================

=========================================================================
*                       Advanced HDL Synthesis                          *
=========================================================================


Synthesizing (advanced) Unit <Counter_nbit_1>.
The following registers are absorbed into counter <count>: 1 register on signal <count>.
Unit <Counter_nbit_1> synthesized (advanced).

Synthesizing (advanced) Unit <Counter_nbit_2>.
The following registers are absorbed into counter <count>: 1 register on signal <count>.
Unit <Counter_nbit_2> synthesized (advanced).

Synthesizing (advanced) Unit <Counter_nbit_3>.
The following registers are absorbed into counter <count>: 1 register on signal <count>.
Unit <Counter_nbit_3> synthesized (advanced).

Synthesizing (advanced) Unit <WordTo8dig7seg>.
INFO:Xst:3218 - HDL ADVISOR - The RAM <Mram_anode> will be implemented on LUTs either because you have described an asynchronous read or because of currently unsupported block RAM features. If you have described an asynchronous read, making it synchronous would allow you to take advantage of available block RAM resources, for optimized device usage and improved timings. Please refer to your documentation for coding guidelines.
    -----------------------------------------------------------------------
    | ram_type           | Distributed                         |          |
    -----------------------------------------------------------------------
    | Port A                                                              |
    |     aspect ratio   | 8-word x 8-bit                      |          |
    |     weA            | connected to signal <GND>           | high     |
    |     addrA          | connected to signal <sel>           |          |
    |     diA            | connected to signal <GND>           |          |
    |     doA            | connected to signal <anode>         |          |
    -----------------------------------------------------------------------
Unit <WordTo8dig7seg> synthesized (advanced).

Synthesizing (advanced) Unit <hextosevenseg>.
INFO:Xst:3218 - HDL ADVISOR - The RAM <Mram_Segment> will be implemented on LUTs either because you have described an asynchronous read or because of currently unsupported block RAM features. If you have described an asynchronous read, making it synchronous would allow you to take advantage of available block RAM resources, for optimized device usage and improved timings. Please refer to your documentation for coding guidelines.
    -----------------------------------------------------------------------
    | ram_type           | Distributed                         |          |
    -----------------------------------------------------------------------
    | Port A                                                              |
    |     aspect ratio   | 16-word x 7-bit                     |          |
    |     weA            | connected to signal <GND>           | high     |
    |     addrA          | connected to signal <Hex>           |          |
    |     diA            | connected to signal <GND>           |          |
    |     doA            | connected to signal <Segment>       |          |
    -----------------------------------------------------------------------
Unit <hextosevenseg> synthesized (advanced).

Synthesizing (advanced) Unit <pulse_gen_1>.
The following registers are absorbed into counter <count>: 1 register on signal <count>.
Unit <pulse_gen_1> synthesized (advanced).

Synthesizing (advanced) Unit <pulse_gen_2>.
The following registers are absorbed into counter <count>: 1 register on signal <count>.
Unit <pulse_gen_2> synthesized (advanced).

=========================================================================
Advanced HDL Synthesis Report

Macro Statistics
# RAMs                                                 : 2
 16x7-bit single-port distributed Read Only RAM        : 1
 8x8-bit single-port distributed Read Only RAM         : 1
# Counters                                             : 10
 14-bit up counter                                     : 6
 16-bit up counter                                     : 1
 23-bit up counter                                     : 1
 3-bit up counter                                      : 1
 4-bit up counter                                      : 1
# Registers                                            : 6
 Flip-Flops                                            : 6
# Comparators                                          : 12
 14-bit comparator equal                               : 6
 14-bit comparator greater                             : 6
# Multiplexers                                         : 4
 4-bit 2-to-1 multiplexer                              : 3
 4-bit 8-to-1 multiplexer                              : 1

=========================================================================

=========================================================================
*                         Low Level Synthesis                           *
=========================================================================

Optimizing unit <lab09_kjb5568_rjl5336> ...
INFO:Xst:2261 - The FF/Latch <PWM_INST_R1/Hcount/count_0> in Unit <lab09_kjb5568_rjl5336> is equivalent to the following 5 FFs/Latches, which will be removed : <PWM_INST_G1/Hcount/count_0> <PWM_INST_B1/Hcount/count_0> <PWM_INST_B2/Hcount/count_0> <PWM_INST_R2/Hcount/count_0> <PWM_INST_G2/Hcount/count_0> 
INFO:Xst:2261 - The FF/Latch <PWM_INST_R1/Hcount/count_1> in Unit <lab09_kjb5568_rjl5336> is equivalent to the following 5 FFs/Latches, which will be removed : <PWM_INST_G1/Hcount/count_1> <PWM_INST_B1/Hcount/count_1> <PWM_INST_B2/Hcount/count_1> <PWM_INST_R2/Hcount/count_1> <PWM_INST_G2/Hcount/count_1> 
INFO:Xst:2261 - The FF/Latch <PWM_INST_R1/Hcount/count_2> in Unit <lab09_kjb5568_rjl5336> is equivalent to the following 5 FFs/Latches, which will be removed : <PWM_INST_G1/Hcount/count_2> <PWM_INST_B1/Hcount/count_2> <PWM_INST_B2/Hcount/count_2> <PWM_INST_R2/Hcount/count_2> <PWM_INST_G2/Hcount/count_2> 
INFO:Xst:2261 - The FF/Latch <PWM_INST_R1/Hcount/count_3> in Unit <lab09_kjb5568_rjl5336> is equivalent to the following 5 FFs/Latches, which will be removed : <PWM_INST_G1/Hcount/count_3> <PWM_INST_B1/Hcount/count_3> <PWM_INST_B2/Hcount/count_3> <PWM_INST_R2/Hcount/count_3> <PWM_INST_G2/Hcount/count_3> 
INFO:Xst:2261 - The FF/Latch <PWM_INST_R1/Hcount/count_4> in Unit <lab09_kjb5568_rjl5336> is equivalent to the following 5 FFs/Latches, which will be removed : <PWM_INST_G1/Hcount/count_4> <PWM_INST_B1/Hcount/count_4> <PWM_INST_B2/Hcount/count_4> <PWM_INST_R2/Hcount/count_4> <PWM_INST_G2/Hcount/count_4> 
INFO:Xst:2261 - The FF/Latch <PWM_INST_R1/Hcount/count_5> in Unit <lab09_kjb5568_rjl5336> is equivalent to the following 5 FFs/Latches, which will be removed : <PWM_INST_G1/Hcount/count_5> <PWM_INST_B1/Hcount/count_5> <PWM_INST_B2/Hcount/count_5> <PWM_INST_R2/Hcount/count_5> <PWM_INST_G2/Hcount/count_5> 
INFO:Xst:2261 - The FF/Latch <PWM_INST_R1/Hcount/count_6> in Unit <lab09_kjb5568_rjl5336> is equivalent to the following 5 FFs/Latches, which will be removed : <PWM_INST_G1/Hcount/count_6> <PWM_INST_B1/Hcount/count_6> <PWM_INST_B2/Hcount/count_6> <PWM_INST_R2/Hcount/count_6> <PWM_INST_G2/Hcount/count_6> 
INFO:Xst:2261 - The FF/Latch <PWM_INST_R1/Hcount/count_7> in Unit <lab09_kjb5568_rjl5336> is equivalent to the following 5 FFs/Latches, which will be removed : <PWM_INST_G1/Hcount/count_7> <PWM_INST_B1/Hcount/count_7> <PWM_INST_B2/Hcount/count_7> <PWM_INST_R2/Hcount/count_7> <PWM_INST_G2/Hcount/count_7> 
INFO:Xst:2261 - The FF/Latch <PWM_INST_R1/Hcount/count_8> in Unit <lab09_kjb5568_rjl5336> is equivalent to the following 5 FFs/Latches, which will be removed : <PWM_INST_G1/Hcount/count_8> <PWM_INST_B1/Hcount/count_8> <PWM_INST_B2/Hcount/count_8> <PWM_INST_R2/Hcount/count_8> <PWM_INST_G2/Hcount/count_8> 
INFO:Xst:2261 - The FF/Latch <PWM_INST_R1/Hcount/count_9> in Unit <lab09_kjb5568_rjl5336> is equivalent to the following 5 FFs/Latches, which will be removed : <PWM_INST_G1/Hcount/count_9> <PWM_INST_B1/Hcount/count_9> <PWM_INST_B2/Hcount/count_9> <PWM_INST_R2/Hcount/count_9> <PWM_INST_G2/Hcount/count_9> 
INFO:Xst:2261 - The FF/Latch <PWM_INST_R1/Hcount/count_10> in Unit <lab09_kjb5568_rjl5336> is equivalent to the following 5 FFs/Latches, which will be removed : <PWM_INST_G1/Hcount/count_10> <PWM_INST_B1/Hcount/count_10> <PWM_INST_B2/Hcount/count_10> <PWM_INST_R2/Hcount/count_10> <PWM_INST_G2/Hcount/count_10> 
INFO:Xst:2261 - The FF/Latch <PWM_INST_R1/Hcount/count_11> in Unit <lab09_kjb5568_rjl5336> is equivalent to the following 5 FFs/Latches, which will be removed : <PWM_INST_G1/Hcount/count_11> <PWM_INST_B1/Hcount/count_11> <PWM_INST_B2/Hcount/count_11> <PWM_INST_R2/Hcount/count_11> <PWM_INST_G2/Hcount/count_11> 
INFO:Xst:2261 - The FF/Latch <PWM_INST_R1/Hcount/count_12> in Unit <lab09_kjb5568_rjl5336> is equivalent to the following 5 FFs/Latches, which will be removed : <PWM_INST_G1/Hcount/count_12> <PWM_INST_B1/Hcount/count_12> <PWM_INST_B2/Hcount/count_12> <PWM_INST_R2/Hcount/count_12> <PWM_INST_G2/Hcount/count_12> 
INFO:Xst:2261 - The FF/Latch <PWM_INST_R1/Hcount/count_13> in Unit <lab09_kjb5568_rjl5336> is equivalent to the following 5 FFs/Latches, which will be removed : <PWM_INST_G1/Hcount/count_13> <PWM_INST_B1/Hcount/count_13> <PWM_INST_B2/Hcount/count_13> <PWM_INST_R2/Hcount/count_13> <PWM_INST_G2/Hcount/count_13> 

Mapping all equations...
Building and optimizing final netlist ...
Found area constraint ratio of 100 (+ 5) on block lab09_kjb5568_rjl5336, actual ratio is 0.

Final Macro Processing ...

=========================================================================
Final Register Report

Macro Statistics
# Registers                                            : 66
 Flip-Flops                                            : 66

=========================================================================

=========================================================================
*                           Partition Report                            *
=========================================================================

Partition Implementation Status
-------------------------------

  No Partitions were found in this design.

-------------------------------

=========================================================================
*                            Design Summary                             *
=========================================================================

Top Level Output File Name         : lab09_kjb5568_rjl5336.ngc

Primitive and Black Box Usage:
------------------------------
# BELS                             : 233
#      GND                         : 1
#      INV                         : 4
#      LUT1                        : 50
#      LUT2                        : 17
#      LUT3                        : 10
#      LUT4                        : 14
#      LUT5                        : 19
#      LUT6                        : 14
#      MUXCY                       : 50
#      VCC                         : 1
#      XORCY                       : 53
# FlipFlops/Latches                : 66
#      FD                          : 33
#      FDR                         : 26
#      FDRE                        : 7
# Clock Buffers                    : 1
#      BUFGP                       : 1
# IO Buffers                       : 53
#      IBUF                        : 16
#      OBUF                        : 37

Device utilization summary:
---------------------------

Selected Device : 7a100tcsg324-1 


Slice Logic Utilization: 
 Number of Slice Registers:              66  out of  126800     0%  
 Number of Slice LUTs:                  128  out of  63400     0%  
    Number used as Logic:               128  out of  63400     0%  

Slice Logic Distribution: 
 Number of LUT Flip Flop pairs used:    128
   Number with an unused Flip Flop:      62  out of    128    48%  
   Number with an unused LUT:             0  out of    128     0%  
   Number of fully used LUT-FF pairs:    66  out of    128    51%  
   Number of unique control sets:         5

IO Utilization: 
 Number of IOs:                          54
 Number of bonded IOBs:                  54  out of    210    25%  

Specific Feature Utilization:
 Number of BUFG/BUFGCTRLs:                1  out of     32     3%  

---------------------------
Partition Resource Summary:
---------------------------

  No Partitions were found in this design.

---------------------------


=========================================================================
Timing Report

NOTE: THESE TIMING NUMBERS ARE ONLY A SYNTHESIS ESTIMATE.
      FOR ACCURATE TIMING INFORMATION PLEASE REFER TO THE TRACE REPORT
      GENERATED AFTER PLACE-and-ROUTE.

Clock Information:
------------------
-----------------------------------+------------------------+-------+
Clock Signal                       | Clock buffer(FF name)  | Load  |
-----------------------------------+------------------------+-------+
CLK                                | BUFGP                  | 66    |
-----------------------------------+------------------------+-------+

Asynchronous Control Signals Information:
----------------------------------------
No asynchronous control signals found in this design

Timing Summary:
---------------
Speed Grade: -1

   Minimum period: 3.490ns (Maximum Frequency: 286.533MHz)
   Minimum input arrival time before clock: 1.545ns
   Maximum output required time after clock: 3.294ns
   Maximum combinational path delay: 2.559ns

Timing Details:
---------------
All values displayed in nanoseconds (ns)

=========================================================================
Timing constraint: Default period analysis for Clock 'CLK'
  Clock period: 3.490ns (frequency: 286.533MHz)
  Total number of paths / destination ports: 1693 / 99
-------------------------------------------------------------------------
Delay:               3.490ns (Levels of Logic = 2)
  Source:            pulse_16/count_8 (FF)
  Destination:       pulse_16/count_11 (FF)
  Source Clock:      CLK rising
  Destination Clock: CLK rising

  Data Path: pulse_16/count_8 to pulse_16/count_11
                                Gate     Net
    Cell:in->out      fanout   Delay   Delay  Logical Name (Net Name)
    ----------------------------------------  ------------
     FD:C->Q               2   0.478   0.925  pulse_16/count_8 (pulse_16/count_8)
     LUT5:I0->O           12   0.124   0.848  pulse_16/pulse_int<22>4 (pulse_16/pulse_int<22>3)
     LUT4:I0->O           16   0.124   0.497  pulse_16/pulse_int<22>5 (hz16)
     FDR:R                     0.494          pulse_16/count_11
    ----------------------------------------
    Total                      3.490ns (1.220ns logic, 2.270ns route)
                                       (35.0% logic, 65.0% route)

=========================================================================
Timing constraint: Default OFFSET IN BEFORE for Clock 'CLK'
  Total number of paths / destination ports: 15 / 6
-------------------------------------------------------------------------
Offset:              1.545ns (Levels of Logic = 3)
  Source:            SWITCH<12> (PAD)
  Destination:       PWM_INST_R1/D_PMW_OUT/Q (FF)
  Destination Clock: CLK rising

  Data Path: SWITCH<12> to PWM_INST_R1/D_PMW_OUT/Q
                                Gate     Net
    Cell:in->out      fanout   Delay   Delay  Logical Name (Net Name)
    ----------------------------------------  ------------
     IBUF:I->O             3   0.001   0.730  SWITCH_12_IBUF (LED_12_OBUF)
     LUT4:I1->O            1   0.124   0.536  PWM_INST_R1/les_out1_SW0 (N24)
     LUT5:I3->O            1   0.124   0.000  PWM_INST_R1/les_out1 (PWM_INST_R1/les_out)
     FD:D                      0.030          PWM_INST_R1/D_PMW_OUT/Q
    ----------------------------------------
    Total                      1.545ns (0.279ns logic, 1.266ns route)
                                       (18.1% logic, 81.9% route)

=========================================================================
Timing constraint: Default OFFSET OUT AFTER for Clock 'CLK'
  Total number of paths / destination ports: 158 / 17
-------------------------------------------------------------------------
Offset:              3.294ns (Levels of Logic = 4)
  Source:            sevenseg/cnt/count_0 (FF)
  Destination:       SEGMENT<0> (PAD)
  Source Clock:      CLK rising

  Data Path: sevenseg/cnt/count_0 to SEGMENT<0>
                                Gate     Net
    Cell:in->out      fanout   Delay   Delay  Logical Name (Net Name)
    ----------------------------------------  ------------
     FDRE:C->Q            15   0.478   0.808  sevenseg/cnt/count_0 (sevenseg/cnt/count_0)
     LUT3:I0->O            1   0.124   0.421  sevenseg/Mmux_w2h2_SW0 (N12)
     LUT6:I5->O            7   0.124   0.816  sevenseg/Mmux_w2h2 (sevenseg/w2h<1>)
     LUT4:I0->O            1   0.124   0.399  sevenseg/h27/Mram_Segment12 (SEGMENT_6_OBUF)
     OBUF:I->O                 0.000          SEGMENT_6_OBUF (SEGMENT<6>)
    ----------------------------------------
    Total                      3.294ns (0.850ns logic, 2.444ns route)
                                       (25.8% logic, 74.2% route)

=========================================================================
Timing constraint: Default path analysis
  Total number of paths / destination ports: 100 / 23
-------------------------------------------------------------------------
Delay:               2.559ns (Levels of Logic = 5)
  Source:            SWITCH<8> (PAD)
  Destination:       SEGMENT<0> (PAD)

  Data Path: SWITCH<8> to SEGMENT<0>
                                Gate     Net
    Cell:in->out      fanout   Delay   Delay  Logical Name (Net Name)
    ----------------------------------------  ------------
     IBUF:I->O             3   0.001   0.550  SWITCH_8_IBUF (LED_8_OBUF)
     LUT3:I1->O            1   0.124   0.421  sevenseg/Mmux_w2h1_SW0 (N14)
     LUT6:I5->O            7   0.124   0.816  sevenseg/Mmux_w2h1 (sevenseg/w2h<0>)
     LUT4:I0->O            1   0.124   0.399  sevenseg/h27/Mram_Segment21 (SEGMENT_4_OBUF)
     OBUF:I->O                 0.000          SEGMENT_4_OBUF (SEGMENT<4>)
    ----------------------------------------
    Total                      2.559ns (0.373ns logic, 2.186ns route)
                                       (14.6% logic, 85.4% route)

=========================================================================

Cross Clock Domains Report:
--------------------------

Clock to Setup on destination clock CLK
---------------+---------+---------+---------+---------+
               | Src:Rise| Src:Fall| Src:Rise| Src:Fall|
Source Clock   |Dest:Rise|Dest:Rise|Dest:Fall|Dest:Fall|
---------------+---------+---------+---------+---------+
CLK            |    3.490|         |         |         |
---------------+---------+---------+---------+---------+

=========================================================================


Total REAL time to Xst completion: 10.00 secs
Total CPU time to Xst completion: 9.34 secs
 
--> 

Total memory usage is 410084 kilobytes

Number of errors   :    0 (   0 filtered)
Number of warnings :    7 (   0 filtered)
Number of infos    :   16 (   0 filtered)

