Command line:
   pulse_gen_isim_beh.exe
     -simmode  gui
     -simrunnum  0
     -socket  60535

Wed Oct 21 17:27:18 2015


 Elaboration Time: 0.03125 sec

 Current Memory Usage: 837.616 Meg

 Total Signals          : 12
 Total Nets             : 11
 Total Signal Drivers   : 5
 Total Blocks           : 5
 Total Primitive Blocks : 4
 Total Processes        : 4
 Total Traceable Variables  : 16
 Total Scalar Nets and Variables : 497
Total Line Count : 9

 Total Simulation Time: 0.046875 sec

 Current Memory Usage: 837.616 Meg

Wed Oct 21 17:27:36 2015

